{"C:\\Equipo de Trabajo\\Datos\\Proyectos\\comprimir-archivos\\src\\App.js": {"path":"C:\\Equipo de Trabajo\\Datos\\Proyectos\\comprimir-archivos\\src\\App.js","statementMap":{"0":{"start":{"line":11,"column":50},"end":{"line":11,"column":68}},"1":{"start":{"line":12,"column":54},"end":{"line":12,"column":70}},"2":{"start":{"line":14,"column":25},"end":{"line":21,"column":3}},"3":{"start":{"line":15,"column":20},"end":{"line":15,"column":41}},"4":{"start":{"line":16,"column":4},"end":{"line":20,"column":5}},"5":{"start":{"line":17,"column":6},"end":{"line":17,"column":43}},"6":{"start":{"line":18,"column":11},"end":{"line":20,"column":5}},"7":{"start":{"line":19,"column":6},"end":{"line":19,"column":19}},"8":{"start":{"line":23,"column":22},"end":{"line":26,"column":3}},"9":{"start":{"line":24,"column":4},"end":{"line":24,"column":17}},"10":{"start":{"line":25,"column":4},"end":{"line":25,"column":15}},"11":{"start":{"line":28,"column":2},"end":{"line":45,"column":4}}},"fnMap":{"0":{"name":"App","decl":{"start":{"line":10,"column":9},"end":{"line":10,"column":12}},"loc":{"start":{"line":10,"column":15},"end":{"line":46,"column":1}},"line":10},"1":{"name":"(anonymous_1)","decl":{"start":{"line":14,"column":25},"end":{"line":14,"column":26}},"loc":{"start":{"line":14,"column":37},"end":{"line":21,"column":3}},"line":14},"2":{"name":"(anonymous_2)","decl":{"start":{"line":23,"column":22},"end":{"line":23,"column":23}},"loc":{"start":{"line":23,"column":28},"end":{"line":26,"column":3}},"line":23}},"branchMap":{"0":{"loc":{"start":{"line":16,"column":4},"end":{"line":20,"column":5}},"type":"if","locations":[{"start":{"line":16,"column":4},"end":{"line":20,"column":5}},{"start":{"line":18,"column":11},"end":{"line":20,"column":5}}],"line":16},"1":{"loc":{"start":{"line":18,"column":11},"end":{"line":20,"column":5}},"type":"if","locations":[{"start":{"line":18,"column":11},"end":{"line":20,"column":5}},{"start":{},"end":{}}],"line":18}},"s":{"0":0,"1":0,"2":0,"3":0,"4":0,"5":0,"6":0,"7":0,"8":0,"9":0,"10":0,"11":0},"f":{"0":0,"1":0,"2":0},"b":{"0":[0,0],"1":[0,0]}}
,"C:\\Equipo de Trabajo\\Datos\\Proyectos\\comprimir-archivos\\src\\index.js": {"path":"C:\\Equipo de Trabajo\\Datos\\Proyectos\\comprimir-archivos\\src\\index.js","statementMap":{"0":{"start":{"line":7,"column":13},"end":{"line":7,"column":65}},"1":{"start":{"line":8,"column":0},"end":{"line":12,"column":2}},"2":{"start":{"line":17,"column":0},"end":{"line":17,"column":18}}},"fnMap":{},"branchMap":{},"s":{"0":0,"1":0,"2":0},"f":{},"b":{}}
,"C:\\Equipo de Trabajo\\Datos\\Proyectos\\comprimir-archivos\\src\\reportWebVitals.js": {"path":"C:\\Equipo de Trabajo\\Datos\\Proyectos\\comprimir-archivos\\src\\reportWebVitals.js","statementMap":{"0":{"start":{"line":1,"column":24},"end":{"line":11,"column":1}},"1":{"start":{"line":2,"column":2},"end":{"line":10,"column":3}},"2":{"start":{"line":3,"column":4},"end":{"line":9,"column":7}},"3":{"start":{"line":4,"column":6},"end":{"line":4,"column":26}},"4":{"start":{"line":5,"column":6},"end":{"line":5,"column":26}},"5":{"start":{"line":6,"column":6},"end":{"line":6,"column":26}},"6":{"start":{"line":7,"column":6},"end":{"line":7,"column":26}},"7":{"start":{"line":8,"column":6},"end":{"line":8,"column":27}}},"fnMap":{"0":{"name":"(anonymous_0)","decl":{"start":{"line":1,"column":24},"end":{"line":1,"column":25}},"loc":{"start":{"line":1,"column":39},"end":{"line":11,"column":1}},"line":1},"1":{"name":"(anonymous_1)","decl":{"start":{"line":3,"column":30},"end":{"line":3,"column":31}},"loc":{"start":{"line":3,"column":79},"end":{"line":9,"column":5}},"line":3}},"branchMap":{"0":{"loc":{"start":{"line":2,"column":2},"end":{"line":10,"column":3}},"type":"if","locations":[{"start":{"line":2,"column":2},"end":{"line":10,"column":3}},{"start":{},"end":{}}],"line":2},"1":{"loc":{"start":{"line":2,"column":6},"end":{"line":2,"column":52}},"type":"binary-expr","locations":[{"start":{"line":2,"column":6},"end":{"line":2,"column":17}},{"start":{"line":2,"column":21},"end":{"line":2,"column":52}}],"line":2}},"s":{"0":0,"1":0,"2":0,"3":0,"4":0,"5":0,"6":0,"7":0},"f":{"0":0,"1":0},"b":{"0":[0,0],"1":[0,0]}}
,"C:\\Equipo de Trabajo\\Datos\\Proyectos\\comprimir-archivos\\src\\components\\ActionButtons.js": {"path":"C:\\Equipo de Trabajo\\Datos\\Proyectos\\comprimir-archivos\\src\\components\\ActionButtons.js","statementMap":{"0":{"start":{"line":5,"column":2},"end":{"line":36,"column":4}}},"fnMap":{"0":{"name":"ActionButtons","decl":{"start":{"line":4,"column":9},"end":{"line":4,"column":22}},"loc":{"start":{"line":4,"column":65},"end":{"line":37,"column":1}},"line":4}},"branchMap":{"0":{"loc":{"start":{"line":4,"column":46},"end":{"line":4,"column":61}},"type":"default-arg","locations":[{"start":{"line":4,"column":56},"end":{"line":4,"column":61}}],"line":4},"1":{"loc":{"start":{"line":14,"column":9},"end":{"line":24,"column":9}},"type":"cond-expr","locations":[{"start":{"line":15,"column":10},"end":{"line":18,"column":13}},{"start":{"line":20,"column":10},"end":{"line":23,"column":13}}],"line":14}},"s":{"0":0},"f":{"0":0},"b":{"0":[0],"1":[0,0]}}
,"C:\\Equipo de Trabajo\\Datos\\Proyectos\\comprimir-archivos\\src\\components\\CompressionLog.js": {"path":"C:\\Equipo de Trabajo\\Datos\\Proyectos\\comprimir-archivos\\src\\components\\CompressionLog.js","statementMap":{"0":{"start":{"line":5,"column":2},"end":{"line":16,"column":3}},"1":{"start":{"line":6,"column":4},"end":{"line":15,"column":6}},"2":{"start":{"line":18,"column":2},"end":{"line":54,"column":4}},"3":{"start":{"line":36,"column":14},"end":{"line":48,"column":19}}},"fnMap":{"0":{"name":"CompressionLog","decl":{"start":{"line":4,"column":9},"end":{"line":4,"column":23}},"loc":{"start":{"line":4,"column":40},"end":{"line":55,"column":1}},"line":4},"1":{"name":"(anonymous_1)","decl":{"start":{"line":35,"column":28},"end":{"line":35,"column":29}},"loc":{"start":{"line":36,"column":14},"end":{"line":48,"column":19}},"line":36}},"branchMap":{"0":{"loc":{"start":{"line":5,"column":2},"end":{"line":16,"column":3}},"type":"if","locations":[{"start":{"line":5,"column":2},"end":{"line":16,"column":3}},{"start":{},"end":{}}],"line":5}},"s":{"0":0,"1":0,"2":0,"3":0},"f":{"0":0,"1":0},"b":{"0":[0,0]}}
,"C:\\Equipo de Trabajo\\Datos\\Proyectos\\comprimir-archivos\\src\\components\\FileSelector.js": {"path":"C:\\Equipo de Trabajo\\Datos\\Proyectos\\comprimir-archivos\\src\\components\\FileSelector.js","statementMap":{"0":{"start":{"line":5,"column":2},"end":{"line":33,"column":4}}},"fnMap":{"0":{"name":"FileSelector","decl":{"start":{"line":4,"column":9},"end":{"line":4,"column":21}},"loc":{"start":{"line":4,"column":40},"end":{"line":34,"column":1}},"line":4}},"branchMap":{},"s":{"0":0},"f":{"0":0},"b":{}}
,"C:\\Equipo de Trabajo\\Datos\\Proyectos\\comprimir-archivos\\src\\components\\Header.js": {"path":"C:\\Equipo de Trabajo\\Datos\\Proyectos\\comprimir-archivos\\src\\components\\Header.js","statementMap":{"0":{"start":{"line":5,"column":2},"end":{"line":16,"column":4}}},"fnMap":{"0":{"name":"Header","decl":{"start":{"line":4,"column":9},"end":{"line":4,"column":15}},"loc":{"start":{"line":4,"column":36},"end":{"line":17,"column":1}},"line":4}},"branchMap":{},"s":{"0":0},"f":{"0":0},"b":{}}
,"C:\\Equipo de Trabajo\\Datos\\Proyectos\\comprimir-archivos\\src\\hooks\\useCompression.js": {"path":"C:\\Equipo de Trabajo\\Datos\\Proyectos\\comprimir-archivos\\src\\hooks\\useCompression.js","statementMap":{"0":{"start":{"line":17,"column":30},"end":{"line":70,"column":1}},"1":{"start":{"line":18,"column":24},"end":{"line":18,"column":36}},"2":{"start":{"line":19,"column":32},"end":{"line":19,"column":47}},"3":{"start":{"line":20,"column":28},"end":{"line":20,"column":42}},"4":{"start":{"line":22,"column":19},"end":{"line":57,"column":3}},"5":{"start":{"line":24,"column":4},"end":{"line":27,"column":5}},"6":{"start":{"line":25,"column":6},"end":{"line":25,"column":57}},"7":{"start":{"line":26,"column":6},"end":{"line":26,"column":19}},"8":{"start":{"line":29,"column":4},"end":{"line":29,"column":21}},"9":{"start":{"line":30,"column":4},"end":{"line":30,"column":19}},"10":{"start":{"line":32,"column":4},"end":{"line":56,"column":5}},"11":{"start":{"line":34,"column":19},"end":{"line":34,"column":40}},"12":{"start":{"line":37,"column":25},"end":{"line":37,"column":42}},"13":{"start":{"line":38,"column":6},"end":{"line":38,"column":25}},"14":{"start":{"line":41,"column":25},"end":{"line":41,"column":71}},"15":{"start":{"line":43,"column":6},"end":{"line":47,"column":7}},"16":{"start":{"line":44,"column":8},"end":{"line":44,"column":54}},"17":{"start":{"line":45,"column":8},"end":{"line":45,"column":26}},"18":{"start":{"line":46,"column":8},"end":{"line":46,"column":21}},"19":{"start":{"line":49,"column":6},"end":{"line":49,"column":24}},"20":{"start":{"line":50,"column":6},"end":{"line":50,"column":18}},"21":{"start":{"line":52,"column":6},"end":{"line":52,"column":48}},"22":{"start":{"line":53,"column":6},"end":{"line":53,"column":57}},"23":{"start":{"line":54,"column":6},"end":{"line":54,"column":24}},"24":{"start":{"line":55,"column":6},"end":{"line":55,"column":19}},"25":{"start":{"line":59,"column":19},"end":{"line":61,"column":3}},"26":{"start":{"line":60,"column":4},"end":{"line":60,"column":15}},"27":{"start":{"line":63,"column":2},"end":{"line":69,"column":4}}},"fnMap":{"0":{"name":"(anonymous_0)","decl":{"start":{"line":17,"column":30},"end":{"line":17,"column":31}},"loc":{"start":{"line":17,"column":36},"end":{"line":70,"column":1}},"line":17},"1":{"name":"(anonymous_1)","decl":{"start":{"line":22,"column":19},"end":{"line":22,"column":20}},"loc":{"start":{"line":22,"column":36},"end":{"line":57,"column":3}},"line":22},"2":{"name":"(anonymous_2)","decl":{"start":{"line":59,"column":19},"end":{"line":59,"column":20}},"loc":{"start":{"line":59,"column":25},"end":{"line":61,"column":3}},"line":59}},"branchMap":{"0":{"loc":{"start":{"line":24,"column":4},"end":{"line":27,"column":5}},"type":"if","locations":[{"start":{"line":24,"column":4},"end":{"line":27,"column":5}},{"start":{},"end":{}}],"line":24},"1":{"loc":{"start":{"line":24,"column":8},"end":{"line":24,"column":36}},"type":"binary-expr","locations":[{"start":{"line":24,"column":8},"end":{"line":24,"column":14}},{"start":{"line":24,"column":18},"end":{"line":24,"column":36}}],"line":24},"2":{"loc":{"start":{"line":43,"column":6},"end":{"line":47,"column":7}},"type":"if","locations":[{"start":{"line":43,"column":6},"end":{"line":47,"column":7}},{"start":{},"end":{}}],"line":43}},"s":{"0":0,"1":0,"2":0,"3":0,"4":0,"5":0,"6":0,"7":0,"8":0,"9":0,"10":0,"11":0,"12":0,"13":0,"14":0,"15":0,"16":0,"17":0,"18":0,"19":0,"20":0,"21":0,"22":0,"23":0,"24":0,"25":0,"26":0,"27":0},"f":{"0":0,"1":0,"2":0},"b":{"0":[0,0],"1":[0,0],"2":[0,0]}}
,"C:\\Equipo de Trabajo\\Datos\\Proyectos\\comprimir-archivos\\src\\hooks\\useFileSelection.js": {"path":"C:\\Equipo de Trabajo\\Datos\\Proyectos\\comprimir-archivos\\src\\hooks\\useFileSelection.js","statementMap":{"0":{"start":{"line":17,"column":32},"end":{"line":41,"column":1}},"1":{"start":{"line":18,"column":28},"end":{"line":18,"column":40}},"2":{"start":{"line":20,"column":27},"end":{"line":23,"column":3}},"3":{"start":{"line":21,"column":21},"end":{"line":21,"column":47}},"4":{"start":{"line":22,"column":4},"end":{"line":22,"column":23}},"5":{"start":{"line":25,"column":21},"end":{"line":27,"column":3}},"6":{"start":{"line":26,"column":4},"end":{"line":26,"column":17}},"7":{"start":{"line":29,"column":20},"end":{"line":29,"column":32}},"8":{"start":{"line":30,"column":20},"end":{"line":30,"column":41}},"9":{"start":{"line":31,"column":18},"end":{"line":31,"column":40}},"10":{"start":{"line":33,"column":2},"end":{"line":40,"column":4}}},"fnMap":{"0":{"name":"(anonymous_0)","decl":{"start":{"line":17,"column":32},"end":{"line":17,"column":33}},"loc":{"start":{"line":17,"column":38},"end":{"line":41,"column":1}},"line":17},"1":{"name":"(anonymous_1)","decl":{"start":{"line":20,"column":27},"end":{"line":20,"column":28}},"loc":{"start":{"line":20,"column":34},"end":{"line":23,"column":3}},"line":20},"2":{"name":"(anonymous_2)","decl":{"start":{"line":25,"column":21},"end":{"line":25,"column":22}},"loc":{"start":{"line":25,"column":27},"end":{"line":27,"column":3}},"line":25}},"branchMap":{},"s":{"0":0,"1":0,"2":0,"3":0,"4":0,"5":0,"6":0,"7":0,"8":0,"9":0,"10":0},"f":{"0":0,"1":0,"2":0},"b":{}}
,"C:\\Equipo de Trabajo\\Datos\\Proyectos\\comprimir-archivos\\src\\services\\compressionService.js": {"path":"C:\\Equipo de Trabajo\\Datos\\Proyectos\\comprimir-archivos\\src\\services\\compressionService.js","statementMap":{"0":{"start":{"line":8,"column":24},"end":{"line":20,"column":1}},"1":{"start":{"line":9,"column":14},"end":{"line":9,"column":25}},"2":{"start":{"line":12,"column":2},"end":{"line":15,"column":3}},"3":{"start":{"line":13,"column":22},"end":{"line":13,"column":46}},"4":{"start":{"line":14,"column":4},"end":{"line":14,"column":35}},"5":{"start":{"line":18,"column":15},"end":{"line":18,"column":56}},"6":{"start":{"line":19,"column":2},"end":{"line":19,"column":14}},"7":{"start":{"line":27,"column":26},"end":{"line":32,"column":1}},"8":{"start":{"line":28,"column":2},"end":{"line":31,"column":6}},"9":{"start":{"line":28,"column":30},"end":{"line":31,"column":3}}},"fnMap":{"0":{"name":"(anonymous_0)","decl":{"start":{"line":8,"column":24},"end":{"line":8,"column":25}},"loc":{"start":{"line":8,"column":41},"end":{"line":20,"column":1}},"line":8},"1":{"name":"(anonymous_1)","decl":{"start":{"line":27,"column":26},"end":{"line":27,"column":27}},"loc":{"start":{"line":27,"column":37},"end":{"line":32,"column":1}},"line":27},"2":{"name":"(anonymous_2)","decl":{"start":{"line":28,"column":19},"end":{"line":28,"column":20}},"loc":{"start":{"line":28,"column":30},"end":{"line":31,"column":3}},"line":28}},"branchMap":{},"s":{"0":0,"1":0,"2":0,"3":0,"4":0,"5":0,"6":0,"7":0,"8":0,"9":0},"f":{"0":0,"1":0,"2":0},"b":{}}
,"C:\\Equipo de Trabajo\\Datos\\Proyectos\\comprimir-archivos\\src\\services\\downloadService.js": {"path":"C:\\Equipo de Trabajo\\Datos\\Proyectos\\comprimir-archivos\\src\\services\\downloadService.js","statementMap":{"0":{"start":{"line":9,"column":32},"end":{"line":54,"column":1}},"1":{"start":{"line":12,"column":2},"end":{"line":34,"column":3}},"2":{"start":{"line":13,"column":4},"end":{"line":33,"column":5}},"3":{"start":{"line":14,"column":21},"end":{"line":22,"column":8}},"4":{"start":{"line":25,"column":23},"end":{"line":25,"column":52}},"5":{"start":{"line":26,"column":6},"end":{"line":26,"column":33}},"6":{"start":{"line":27,"column":6},"end":{"line":27,"column":29}},"7":{"start":{"line":29,"column":6},"end":{"line":29,"column":18}},"8":{"start":{"line":32,"column":6},"end":{"line":32,"column":62}},"9":{"start":{"line":38,"column":2},"end":{"line":53,"column":3}},"10":{"start":{"line":39,"column":19},"end":{"line":39,"column":46}},"11":{"start":{"line":40,"column":4},"end":{"line":40,"column":44}},"12":{"start":{"line":41,"column":4},"end":{"line":41,"column":31}},"13":{"start":{"line":42,"column":4},"end":{"line":42,"column":19}},"14":{"start":{"line":45,"column":4},"end":{"line":47,"column":12}},"15":{"start":{"line":46,"column":6},"end":{"line":46,"column":39}},"16":{"start":{"line":49,"column":4},"end":{"line":49,"column":16}},"17":{"start":{"line":51,"column":4},"end":{"line":51,"column":58}},"18":{"start":{"line":52,"column":4},"end":{"line":52,"column":17}}},"fnMap":{"0":{"name":"(anonymous_0)","decl":{"start":{"line":9,"column":32},"end":{"line":9,"column":33}},"loc":{"start":{"line":9,"column":58},"end":{"line":54,"column":1}},"line":9},"1":{"name":"(anonymous_1)","decl":{"start":{"line":45,"column":15},"end":{"line":45,"column":16}},"loc":{"start":{"line":45,"column":21},"end":{"line":47,"column":5}},"line":45}},"branchMap":{"0":{"loc":{"start":{"line":12,"column":2},"end":{"line":34,"column":3}},"type":"if","locations":[{"start":{"line":12,"column":2},"end":{"line":34,"column":3}},{"start":{},"end":{}}],"line":12}},"s":{"0":0,"1":0,"2":0,"3":0,"4":0,"5":0,"6":0,"7":0,"8":0,"9":0,"10":0,"11":0,"12":0,"13":0,"14":0,"15":0,"16":0,"17":0,"18":0},"f":{"0":0,"1":0},"b":{"0":[0,0]}}
,"C:\\Equipo de Trabajo\\Datos\\Proyectos\\comprimir-archivos\\src\\services\\fileService.js": {"path":"C:\\Equipo de Trabajo\\Datos\\Proyectos\\comprimir-archivos\\src\\services\\fileService.js","statementMap":{"0":{"start":{"line":6,"column":31},"end":{"line":8,"column":1}},"1":{"start":{"line":7,"column":2},"end":{"line":7,"column":35}},"2":{"start":{"line":16,"column":30},"end":{"line":41,"column":1}},"3":{"start":{"line":17,"column":2},"end":{"line":19,"column":3}},"4":{"start":{"line":18,"column":4},"end":{"line":18,"column":21}},"5":{"start":{"line":22,"column":21},"end":{"line":22,"column":68}},"6":{"start":{"line":22,"column":49},"end":{"line":22,"column":64}},"7":{"start":{"line":25,"column":19},"end":{"line":30,"column":3}},"8":{"start":{"line":33,"column":2},"end":{"line":38,"column":3}},"9":{"start":{"line":34,"column":4},"end":{"line":37,"column":5}},"10":{"start":{"line":35,"column":20},"end":{"line":35,"column":58}},"11":{"start":{"line":36,"column":6},"end":{"line":36,"column":41}},"12":{"start":{"line":40,"column":2},"end":{"line":40,"column":31}}},"fnMap":{"0":{"name":"(anonymous_0)","decl":{"start":{"line":6,"column":31},"end":{"line":6,"column":32}},"loc":{"start":{"line":6,"column":42},"end":{"line":8,"column":1}},"line":6},"1":{"name":"(anonymous_1)","decl":{"start":{"line":16,"column":30},"end":{"line":16,"column":31}},"loc":{"start":{"line":16,"column":41},"end":{"line":41,"column":1}},"line":16},"2":{"name":"(anonymous_2)","decl":{"start":{"line":22,"column":34},"end":{"line":22,"column":35}},"loc":{"start":{"line":22,"column":49},"end":{"line":22,"column":64}},"line":22}},"branchMap":{"0":{"loc":{"start":{"line":7,"column":9},"end":{"line":7,"column":34}},"type":"binary-expr","locations":[{"start":{"line":7,"column":9},"end":{"line":7,"column":14}},{"start":{"line":7,"column":18},"end":{"line":7,"column":34}}],"line":7},"1":{"loc":{"start":{"line":17,"column":2},"end":{"line":19,"column":3}},"type":"if","locations":[{"start":{"line":17,"column":2},"end":{"line":19,"column":3}},{"start":{},"end":{}}],"line":17},"2":{"loc":{"start":{"line":17,"column":6},"end":{"line":17,"column":34}},"type":"binary-expr","locations":[{"start":{"line":17,"column":6},"end":{"line":17,"column":12}},{"start":{"line":17,"column":16},"end":{"line":17,"column":34}}],"line":17},"3":{"loc":{"start":{"line":34,"column":4},"end":{"line":37,"column":5}},"type":"if","locations":[{"start":{"line":34,"column":4},"end":{"line":37,"column":5}},{"start":{},"end":{}}],"line":34}},"s":{"0":0,"1":0,"2":0,"3":0,"4":0,"5":0,"6":0,"7":0,"8":0,"9":0,"10":0,"11":0,"12":0},"f":{"0":0,"1":0,"2":0},"b":{"0":[0,0],"1":[0,0],"2":[0,0],"3":[0,0]}}
}
